<?xml version="1.0" encoding="UTF-8"?>
<!-- Generated by org.testng.reporters.JUnitXMLReporter -->
<testsuite hostname="DESKTOP-SBE2F1C" ignored="0" name="Default test" tests="3" failures="0" timestamp="23 Jul 2017 06:15:58 GMT" time="27.566" errors="0">
  <testcase name="f" time="0.008" classname="testNG.testingAmazon"/>
  <testcase name="invokeBrowser" time="5.71" classname="testNG.testingAmazon"/>
  <testcase name="openFacebook" time="21.826" classname="testNG.testingAmazon"/>
</testsuite> <!-- Default test -->
