<?xml version="1.0" encoding="UTF-8"?>
<!-- Generated by org.testng.reporters.JUnitXMLReporter -->
<testsuite hostname="DESKTOP-SBE2F1C" ignored="0" name="Test Grouping" tests="8" failures="2" timestamp="09 Jul 2017 17:11:07 GMT" time="16.93" errors="0">
  <testcase name="getTitle" time="0.029" classname="testNG.TestNGAssertions"/>
  <testcase name="testEquality" time="0.002" classname="testNG.TestNGAssertions">
    <failure type="junit.framework.AssertionFailedError" message="expected:&amp;lt;true&amp;gt; but was:&amp;lt;false&amp;gt;">
      <![CDATA[junit.framework.AssertionFailedError: expected:<true> but was:<false>
	at junit.framework.Assert.fail(Assert.java:57)
	at junit.framework.Assert.failNotEquals(Assert.java:329)
	at junit.framework.Assert.assertEquals(Assert.java:78)
	at junit.framework.Assert.assertEquals(Assert.java:174)
	at junit.framework.Assert.assertEquals(Assert.java:181)
	at testNG.TestNGAssertions.testEquality(TestNGAssertions.java:41)
	at java.util.concurrent.ThreadPoolExecutor.runWorker(Unknown Source)
	at java.util.concurrent.ThreadPoolExecutor$Worker.run(Unknown Source)
	at java.lang.Thread.run(Unknown Source)
... Removed 10 stack frames]]>
    </failure>
  </testcase> <!-- testEquality -->
  <testcase name="loginToFacebook" time="0.001" classname="testNG.TestNGDependencyUsingFacebook">
    <failure type="java.lang.NullPointerException">
      <![CDATA[java.lang.NullPointerException
	at testNG.TestNGDependencyUsingFacebook.loginToFacebook(TestNGDependencyUsingFacebook.java:51)
	at java.util.concurrent.ThreadPoolExecutor.runWorker(Unknown Source)
	at java.util.concurrent.ThreadPoolExecutor$Worker.run(Unknown Source)
	at java.lang.Thread.run(Unknown Source)
... Removed 10 stack frames]]>
    </failure>
  </testcase> <!-- loginToFacebook -->
  <testcase name="openBrowser" time="6.278" classname="testNG.TestNGDependencyUsingFacebook"/>
  <testcase name="e" time="0.0" classname="testNG.TestNGDependencyUsingFacebook"/>
  <testcase name="k" time="0.0" classname="testNG.TestNGDependencyUsingFacebook"/>
  <testcase name="m" time="0.005" classname="testNG.TestNGDependencyUsingFacebook"/>
  <testcase name="n" time="0.0" classname="testNG.TestNGDependencyUsingFacebook"/>
</testsuite> <!-- Test Grouping -->
